# JRE version: Java(TM) SE Runtime Environment (7.0_80-b15) (build 1.7.0_80-b15)
# Java VM: Java HotSpot(TM) 64-Bit Server VM (24.80-b11 mixed mode linux-amd64 compressed oops)
Heap
 PSYoungGen      total 142336K, used 20960K [0x00000000eaa80000, 0x00000000f4e80000, 0x0000000100000000)
  eden space 121344K, 0% used [0x00000000eaa80000,0x00000000eaa80000,0x00000000f2100000)
  from space 20992K, 99% used [0x00000000f2100000,0x00000000f3578310,0x00000000f3580000)
  to   space 16384K, 0% used [0x00000000f3580000,0x00000000f3580000,0x00000000f4580000)
 ParOldGen       total 40960K, used 38040K [0x00000000c0000000, 0x00000000c2800000, 0x00000000eaa80000)
  object space 40960K, 92% used [0x00000000c0000000,0x00000000c2526168,0x00000000c2800000)
 PSPermGen       total 21504K, used 6041K [0x00000000bae00000, 0x00000000bc300000, 0x00000000c0000000)
  object space 21504K, 28% used [0x00000000bae00000,0x00000000bb3e6478,0x00000000bc300000)
GC Heap History (10 events):
Event: 4.645 GC heap after
Heap after GC invocations=4 (full 0):
 PSYoungGen      total 34304K, used 2558K [0x00000000eaa80000, 0x00000000ece80000, 0x0000000100000000)
  eden space 31744K, 0% used [0x00000000eaa80000,0x00000000eaa80000,0x00000000ec980000)
  from space 2560K, 99% used [0x00000000ecc00000,0x00000000ece7f8a0,0x00000000ece80000)
  to   space 2560K, 0% used [0x00000000ec980000,0x00000000ec980000,0x00000000ecc00000)
 ParOldGen       total 40960K, used 7817K [0x00000000c0000000, 0x00000000c2800000, 0x00000000eaa80000)
  object space 40960K, 19% used [0x00000000c0000000,0x00000000c07a2548,0x00000000c2800000)
 PSPermGen       total 21504K, used 5833K [0x00000000bae00000, 0x00000000bc300000, 0x00000000c0000000)
  object space 21504K, 27% used [0x00000000bae00000,0x00000000bb3b2740,0x00000000bc300000)
}
Event: 6.564 GC heap before
{Heap before GC invocations=5 (full 0):
 PSYoungGen      total 34304K, used 34302K [0x00000000eaa80000, 0x00000000ece80000, 0x0000000100000000)
  eden space 31744K, 100% used [0x00000000eaa80000,0x00000000ec980000,0x00000000ec980000)
  from space 2560K, 99% used [0x00000000ecc00000,0x00000000ece7f8a0,0x00000000ece80000)
  to   space 2560K, 0% used [0x00000000ec980000,0x00000000ec980000,0x00000000ecc00000)
 ParOldGen       total 40960K, used 7817K [0x00000000c0000000, 0x00000000c2800000, 0x00000000eaa80000)
  object space 40960K, 19% used [0x00000000c0000000,0x00000000c07a2548,0x00000000c2800000)
 PSPermGen       total 21504K, used 5881K [0x00000000bae00000, 0x00000000bc300000, 0x00000000c0000000)
  object space 21504K, 27% used [0x00000000bae00000,0x00000000bb3be4f0,0x00000000bc300000)
Event: 6.653 GC heap after
Heap after GC invocations=5 (full 0):
 PSYoungGen      total 34304K, used 2539K [0x00000000eaa80000, 0x00000000efc80000, 0x0000000100000000)
  eden space 31744K, 0% used [0x00000000eaa80000,0x00000000eaa80000,0x00000000ec980000)
  from space 2560K, 99% used [0x00000000ec980000,0x00000000ecbfaf48,0x00000000ecc00000)
  to   space 10240K, 0% used [0x00000000ef280000,0x00000000ef280000,0x00000000efc80000)
 ParOldGen       total 40960K, used 13630K [0x00000000c0000000, 0x00000000c2800000, 0x00000000eaa80000)
  object space 40960K, 33% used [0x00000000c0000000,0x00000000c0d4fac8,0x00000000c2800000)
 PSPermGen       total 21504K, used 5881K [0x00000000bae00000, 0x00000000bc300000, 0x00000000c0000000)
  object space 21504K, 27% used [0x00000000bae00000,0x00000000bb3be4f0,0x00000000bc300000)
}
Event: 8.264 GC heap before
{Heap before GC invocations=6 (full 0):
 PSYoungGen      total 34304K, used 34283K [0x00000000eaa80000, 0x00000000efc80000, 0x0000000100000000)
  eden space 31744K, 100% used [0x00000000eaa80000,0x00000000ec980000,0x00000000ec980000)
  from space 2560K, 99% used [0x00000000ec980000,0x00000000ecbfaf48,0x00000000ecc00000)
  to   space 10240K, 0% used [0x00000000ef280000,0x00000000ef280000,0x00000000efc80000)
 ParOldGen       total 40960K, used 13630K [0x00000000c0000000, 0x00000000c2800000, 0x00000000eaa80000)
  object space 40960K, 33% used [0x00000000c0000000,0x00000000c0d4fac8,0x00000000c2800000)
 PSPermGen       total 21504K, used 5898K [0x00000000bae00000, 0x00000000bc300000, 0x00000000c0000000)
  object space 21504K, 27% used [0x00000000bae00000,0x00000000bb3c2950,0x00000000bc300000)
Event: 8.337 GC heap after
Heap after GC invocations=6 (full 0):
 PSYoungGen      total 73216K, used 8110K [0x00000000eaa80000, 0x00000000efd80000, 0x0000000100000000)
  eden space 62976K, 0% used [0x00000000eaa80000,0x00000000eaa80000,0x00000000ee800000)
  from space 10240K, 79% used [0x00000000ef280000,0x00000000efa6b8c0,0x00000000efc80000)
  to   space 10752K, 0% used [0x00000000ee800000,0x00000000ee800000,0x00000000ef280000)
 ParOldGen       total 40960K, used 13630K [0x00000000c0000000, 0x00000000c2800000, 0x00000000eaa80000)
  object space 40960K, 33% used [0x00000000c0000000,0x00000000c0d4fac8,0x00000000c2800000)
 PSPermGen       total 21504K, used 5898K [0x00000000bae00000, 0x00000000bc300000, 0x00000000c0000000)
  object space 21504K, 27% used [0x00000000bae00000,0x00000000bb3c2950,0x00000000bc300000)
}
Event: 11.832 GC heap before
{Heap before GC invocations=7 (full 0):
 PSYoungGen      total 73216K, used 71086K [0x00000000eaa80000, 0x00000000efd80000, 0x0000000100000000)
  eden space 62976K, 100% used [0x00000000eaa80000,0x00000000ee800000,0x00000000ee800000)
  from space 10240K, 79% used [0x00000000ef280000,0x00000000efa6b8c0,0x00000000efc80000)
  to   space 10752K, 0% used [0x00000000ee800000,0x00000000ee800000,0x00000000ef280000)
 ParOldGen       total 40960K, used 13630K [0x00000000c0000000, 0x00000000c2800000, 0x00000000eaa80000)
  object space 40960K, 33% used [0x00000000c0000000,0x00000000c0d4fac8,0x00000000c2800000)
 PSPermGen       total 21504K, used 5950K [0x00000000bae00000, 0x00000000bc300000, 0x00000000c0000000)
  object space 21504K, 27% used [0x00000000bae00000,0x00000000bb3cf890,0x00000000bc300000)
Event: 12.069 GC heap after
Heap after GC invocations=7 (full 0):
 PSYoungGen      total 73728K, used 10732K [0x00000000eaa80000, 0x00000000f4580000, 0x0000000100000000)
  eden space 62976K, 0% used [0x00000000eaa80000,0x00000000eaa80000,0x00000000ee800000)
  from space 10752K, 99% used [0x00000000ee800000,0x00000000ef27b228,0x00000000ef280000)
  to   space 16384K, 0% used [0x00000000f3580000,0x00000000f3580000,0x00000000f4580000)
 ParOldGen       total 40960K, used 20358K [0x00000000c0000000, 0x00000000c2800000, 0x00000000eaa80000)
  object space 40960K, 49% used [0x00000000c0000000,0x00000000c13e1bb0,0x00000000c2800000)
 PSPermGen       total 21504K, used 5950K [0x00000000bae00000, 0x00000000bc300000, 0x00000000c0000000)
  object space 21504K, 27% used [0x00000000bae00000,0x00000000bb3cf890,0x00000000bc300000)
}
Event: 16.652 GC heap before
{Heap before GC invocations=8 (full 0):
 PSYoungGen      total 73728K, used 73708K [0x00000000eaa80000, 0x00000000f4580000, 0x0000000100000000)
  eden space 62976K, 100% used [0x00000000eaa80000,0x00000000ee800000,0x00000000ee800000)
  from space 10752K, 99% used [0x00000000ee800000,0x00000000ef27b228,0x00000000ef280000)
  to   space 16384K, 0% used [0x00000000f3580000,0x00000000f3580000,0x00000000f4580000)
 ParOldGen       total 40960K, used 20358K [0x00000000c0000000, 0x00000000c2800000, 0x00000000eaa80000)
  object space 40960K, 49% used [0x00000000c0000000,0x00000000c13e1bb0,0x00000000c2800000)
 PSPermGen       total 21504K, used 5965K [0x00000000bae00000, 0x00000000bc300000, 0x00000000c0000000)
  object space 21504K, 27% used [0x00000000bae00000,0x00000000bb3d3410,0x00000000bc300000)
Event: 16.798 GC heap after
Heap after GC invocations=8 (full 0):
 PSYoungGen      total 137728K, used 16352K [0x00000000eaa80000, 0x00000000f4e80000, 0x0000000100000000)
  eden space 121344K, 0% used [0x00000000eaa80000,0x00000000eaa80000,0x00000000f2100000)
  from space 16384K, 99% used [0x00000000f3580000,0x00000000f45783b8,0x00000000f4580000)
  to   space 20992K, 0% used [0x00000000f2100000,0x00000000f2100000,0x00000000f3580000)
 ParOldGen       total 40960K, used 24905K [0x00000000c0000000, 0x00000000c2800000, 0x00000000eaa80000)
  object space 40960K, 60% used [0x00000000c0000000,0x00000000c1852428,0x00000000c2800000)
 PSPermGen       total 21504K, used 5965K [0x00000000bae00000, 0x00000000bc300000, 0x00000000c0000000)
  object space 21504K, 27% used [0x00000000bae00000,0x00000000bb3d3410,0x00000000bc300000)
}
Event: 23.524 GC heap before
{Heap before GC invocations=9 (full 0):
 PSYoungGen      total 137728K, used 137696K [0x00000000eaa80000, 0x00000000f4e80000, 0x0000000100000000)
  eden space 121344K, 100% used [0x00000000eaa80000,0x00000000f2100000,0x00000000f2100000)
  from space 16384K, 99% used [0x00000000f3580000,0x00000000f45783b8,0x00000000f4580000)
  to   space 20992K, 0% used [0x00000000f2100000,0x00000000f2100000,0x00000000f3580000)
 ParOldGen       total 40960K, used 24905K [0x00000000c0000000, 0x00000000c2800000, 0x00000000eaa80000)
  object space 40960K, 60% used [0x00000000c0000000,0x00000000c1852428,0x00000000c2800000)
 PSPermGen       total 21504K, used 6041K [0x00000000bae00000, 0x00000000bc300000, 0x00000000c0000000)
  object space 21504K, 28% used [0x00000000bae00000,0x00000000bb3e6478,0x00000000bc300000)

